Resolved "preview" environment for the build. Learn more: https://docs.expo.dev/eas/environment-variables/#setting-the-environment-for-your-builds
No environment variables with visibility "Plain text" and "Sensitive" found for the "preview" environment on EAS.


You've used 100% of your included build credits for this month. ██████████████████████████████
Additional usage beyond your limit will be charged at pay-as-you-go rates. See usage in billing.: https://expo.dev/accounts/dazevedo90/settings/billing

🤖 Android build
✔ Using remote Android credentials (Expo server)
✔ Using Keystore from configuration: Build Credentials e7lJi7fhDJ (default)

Compressing project files and uploading to EAS Build. Learn more: https://expo.fyi/eas-build-archive
- Uploading to EAS Build (0 / 1.6 MB)
✔ Uploaded to EAS 1s
- Computing project fingerprint
✔ Computed project fingerprint
Resolved "preview" environment for the build. Learn more: https://docs.expo.dev/eas/environment-variables/#setting-the-environment-for-your-builds
No environment variables with visibility "Plain text" and "Sensitive" found for the "preview" environment on EAS.


🍏 iOS build
✔ Using remote iOS credentials (Expo server)

Distribution Certificate is not validated for non-interactive builds.
Skipping Provisioning Profile validation on Apple Servers because we aren't authenticated.

Project Credentials Configuration

Project                   @dazevedo90/uplift-workforce
Bundle Identifier         com.uplift.workforce
                          
Ad Hoc Configuration      
                          
Distribution Certificate  
Serial Number             22E8A3007A986464DF5B2A9AF191E92
Expiration Date           Fri, 22 Jan 2027 00:56:14 UTC
Apple Team                5KBTBV64JE (Diogo de Azevedo (Individual))
Updated                   21 hours ago
                          
Provisioning Profile      
Developer Portal ID       P46T45Y8NK
Status                    active
Expiration                Fri, 22 Jan 2027 00:56:14 UTC
Apple Team                5KBTBV64JE (Diogo de Azevedo (Individual))
Provisioned devices       - iPhone (UDID: 00008150-001224E23C47801C)
Updated                   2 hours ago
                          
All credentials are ready to build @dazevedo90/uplift-workforce (com.uplift.workforce)


Compressing project files and uploading to EAS Build. Learn more: https://expo.fyi/eas-build-archive
- Uploading to EAS Build (0 / 1.6 MB)
✔ Uploaded to EAS 
- Computing project fingerprint
✔ Computed project fingerprint

See 🤖 Android logs: https://expo.dev/accounts/dazevedo90/projects/uplift-workforce/builds/15c9446c-2b90-43bb-a5ec-924962f43e18
See 🍏 iOS logs: https://expo.dev/accounts/dazevedo90/projects/uplift-workforce/builds/c38264e0-30e9-4050-8c98-5f085903ec7b

- Waiting for builds to complete. You can press Ctrl+C to exit.
✔ 🤖 Android build - status: finished
  🍏 iOS build - status: finished
